{"pkg":"com.tokopedia.tkpd","gp":{"pkg":"com.tokopedia.tkpd","vcode":"201030703","vname":"2.1.3"},"apkpure":{"pkg":"com.tokopedia.tkpd","vcode":201030704,"vname":"2.1.3"}}
{"pkg":"com.olx.olx","gp":{"pkg":"com.olx.olx","vcode":"50802","vname":"5.8.2"},"apkpure":{"pkg":"com.olx.olx","vcode":50006,"vname":"5.0.6"}}
{"pkg":"com.dotc.ime.latin.flash","gp":{"pkg":"com.dotc.ime.latin.flash","vcode":"1067","vname":"1.0.67"},"apkpure":{"pkg":"com.dotc.ime.latin.flash","vcode":1066,"vname":"1.0.66"}}
{"pkg":"com.jabong.android","gp":{"pkg":"com.jabong.android","vcode":"48","vname":"3.3.1"},"apkpure":{"pkg":"com.jabong.android","vcode":46,"vname":"3.2.2"}}
{"pkg":"air.com.sgn.cookiejam.gp","gp":{"pkg":"air.com.sgn.cookiejam.gp","vcode":"5040120","vname":"5.40.120"},"apkpure":{"pkg":"air.com.sgn.cookiejam.gp","vcode":5040220,"vname":"5.40.220"}}
{"pkg":"com.turboc.cleaner","gp":{"pkg":"com.turboc.cleaner","vcode":"38","vname":"1.0.0"},"apkpure":{"pkg":"com.turboc.cleaner","vcode":36,"vname":"1.0.0"}}
{"pkg":"es.socialpoint.MonsterLegends","gp":{"pkg":"es.socialpoint.MonsterLegends","vcode":"1607191244","vname":"4.1.2"},"apkpure":{"pkg":"es.socialpoint.MonsterLegends","vcode":1607191245,"vname":"4.1.2"}}
{"pkg":"com.neowiz.games.poker","gp":{"pkg":"com.neowiz.games.poker","vcode":"64","vname":"28.1"},"apkpure":{"pkg":"com.neowiz.games.poker","vcode":63,"vname":"28.0"}}
{"pkg":"com.fw.appshare","gp":{"pkg":"com.fw.appshare","vcode":"4864","vname":"4.8.6.4"},"apkpure":{"pkg":"com.fw.appshare","vcode":4871,"vname":"4.8.7.1"}}
{"pkg":"com.fshareapps.android","gp":{"pkg":"com.fshareapps.android","vcode":"10001280","vname":"1.2.8"},"apkpure":{"pkg":"com.fshareapps.android","vcode":10001273,"vname":"1.2.7.3"}}
{"pkg":"com.upjers.newzealandfarmer","gp":{"pkg":"com.upjers.newzealandfarmer","vcode":"0","vname":""},"apkpure":{"pkg":"com.upjers.newzealandfarmer","vcode":43,"vname":"1.4.4"}}
{"pkg":"com.letgo.ar","gp":{"pkg":"com.letgo.ar","vcode":"800201","vname":"8.2.1"},"apkpure":{"pkg":"com.letgo.ar","vcode":800200,"vname":"8.2.0"}}
{"pkg":"air.com.sgn.bookoflife.gp","gp":{"pkg":"air.com.sgn.bookoflife.gp","vcode":"0","vname":""},"apkpure":{"pkg":"air.com.sgn.bookoflife.gp","vcode":3023139,"vname":"3.23.139.607201459"}}
{"pkg":"com.mmog.mddtank","gp":{"pkg":"com.mmog.mddtank","vcode":"0","vname":""},"apkpure":{"pkg":"com.mmog.mddtank","vcode":21006,"vname":"2.1.0.0"}}
{"pkg":"com.sgn.pandapop.gp","gp":{"pkg":"com.sgn.pandapop.gp","vcode":"0","vname":""},"apkpure":{"pkg":"com.sgn.pandapop.gp","vcode":4004101,"vname":"4.4.101"}}
{"pkg":"com.olx.ssa.ug","gp":{"pkg":"com.olx.ssa.ug","vcode":"170","vname":"4.4.3"},"apkpure":{"pkg":"com.olx.ssa.ug","vcode":168,"vname":"4.4.1"}}
{"pkg":"jp.co.mixi.monsterstrikeUS","gp":{"pkg":"jp.co.mixi.monsterstrikeUS","vcode":"0","vname":""},"apkpure":{"pkg":"jp.co.mixi.monsterstrikeUS","vcode":55200,"vname":"5.5.2"}}
{"pkg":"com.sgn.geniesandgems.gp","gp":{"pkg":"com.sgn.geniesandgems.gp","vcode":"0","vname":""},"apkpure":{"pkg":"com.sgn.geniesandgems.gp","vcode":62009139,"vname":"62.9.139.607291408"}}
{"pkg":"com.king.candycrushsodasaga","gp":{"pkg":"com.king.candycrushsodasaga","vcode":"10710030","vname":"1.71.3"},"apkpure":{"pkg":"com.king.candycrushsodasaga","vcode":10690100,"vname":"1.69.10"}}
{"pkg":"com.redmart.redmart","gp":{"pkg":"com.redmart.redmart","vcode":"107","vname":"2.1.6.1534"},"apkpure":{"pkg":"com.redmart.redmart","vcode":106,"vname":"2.1.5.1532"}}
{"pkg":"air.com.arm_enterprises.supersoccer.england2014","gp":{"pkg":"air.com.arm_enterprises.supersoccer.england2014","vcode":"1014003","vname":"1.14.3"},"apkpure":{"pkg":"air.com.arm_enterprises.supersoccer.england2014","vcode":1014002,"vname":"1.14.2"}}
{"pkg":"com.woot.android.main","gp":{"pkg":"com.woot.android.main","vcode":"0","vname":""},"apkpure":{"pkg":"com.woot.android.main","vcode":2305,"vname":"1.3"}}
{"pkg":"com.amazon.mShop.android.shopping","gp":{"pkg":"com.amazon.mShop.android.shopping","vcode":"0","vname":""},"apkpure":{"pkg":"com.amazon.mShop.android.shopping","vcode":19051910,"vname":"8.1.0.100"}}
{"pkg":"com.nexonm.dominations.adk","gp":{"pkg":"com.nexonm.dominations.adk","vcode":"653","vname":"4.451.451"},"apkpure":{"pkg":"com.nexonm.dominations.adk","vcode":651,"vname":"4.451.451"}}
{"pkg":"kr.co.angames.galaxyconflict.google.android","gp":{"pkg":"kr.co.angames.galaxyconflict.google.android","vcode":"70","vname":"2.4.0"},"apkpure":{"pkg":"kr.co.angames.galaxyconflict.google.android","vcode":69,"vname":"2.4.0"}}
{"pkg":"com.opera.mini.native","gp":{"pkg":"com.opera.mini.native","vcode":"183106542","vname":"18.0.2254.106542"},"apkpure":{"pkg":"com.opera.mini.native","vcode":181106542,"vname":"18.0.2254.106542"}}
{"pkg":"com.qihoo.batterysaverplus","gp":{"pkg":"com.qihoo.batterysaverplus","vcode":"33","vname":"1.3.1"},"apkpure":{"pkg":"com.qihoo.batterysaverplus","vcode":37,"vname":"1.3.3"}}
{"pkg":"com.plarium.stormfallrob","gp":{"pkg":"com.plarium.stormfallrob","vcode":"21551792","vname":"1.79.2"},"apkpure":{"pkg":"com.plarium.stormfallrob","vcode":21531792,"vname":"1.79.2"}}
{"pkg":"jp.co.ticket","gp":{"pkg":"jp.co.ticket","vcode":"23","vname":"3.3.5"},"apkpure":{"pkg":"jp.co.ticket","vcode":22,"vname":"3.3.0"}}
{"pkg":"com.facebook.katana","gp":{"pkg":"com.facebook.katana","vcode":"35266884","vname":"88.0.0.22.76"},"apkpure":{"pkg":"com.facebook.katana","vcode":35810399,"vname":"89.0.0.17.70"}}
{"pkg":"com.bigbasket.mobileapp","gp":{"pkg":"com.bigbasket.mobileapp","vcode":"151673","vname":"2.4.2"},"apkpure":{"pkg":"com.bigbasket.mobileapp","vcode":154872,"vname":"2.4.1"}}
{"pkg":"com.comuto","gp":{"pkg":"com.comuto","vcode":"33210","vname":"4.10.3"},"apkpure":{"pkg":"com.comuto","vcode":33115,"vname":"4.10.2"}}
{"pkg":"com.call.record.pro","gp":{"pkg":"com.call.record.pro","vcode":"101","vname":"1.0.1"},"apkpure":{"pkg":"com.call.record.pro","vcode":100,"vname":"1.0.0"}}
{"pkg":"com.tuts.poguide","gp":{"pkg":"com.tuts.poguide","vcode":"100038","vname":"1.0.3"},"apkpure":{"pkg":"com.tuts.poguide","vcode":100018,"vname":"1.0.1"}}
{"pkg":"ru.crazybit.experiment","gp":{"pkg":"ru.crazybit.experiment","vcode":"23503902","vname":"4.0235"},"apkpure":{"pkg":"ru.crazybit.experiment","vcode":323403802,"vname":"4.0234"}}
{"pkg":"com.kr.u815.app","gp":{"pkg":"com.kr.u815.app","vcode":"53","vname":"1.4.0"},"apkpure":{"pkg":"com.kr.u815.app","vcode":49,"vname":"1.3.6"}}
{"pkg":"es.socialpoint.DragonCity","gp":{"pkg":"es.socialpoint.DragonCity","vcode":"1607281539","vname":"4.5.1"},"apkpure":{"pkg":"es.socialpoint.DragonCity","vcode":1607281537,"vname":"4.5.1"}}
{"pkg":"com.perblue.dragonsoul","gp":{"pkg":"com.perblue.dragonsoul","vcode":"0","vname":""},"apkpure":{"pkg":"com.perblue.dragonsoul","vcode":103064,"vname":"2.5.3"}}
{"pkg":"com.hcg.cok.gp","gp":{"pkg":"com.hcg.cok.gp","vcode":"1188","vname":"2.6.2"},"apkpure":{"pkg":"com.hcg.cok.gp","vcode":1186,"vname":"2.6.1"}}
{"pkg":"mappstreet.com.fakegpslocation","gp":{"pkg":"mappstreet.com.fakegpslocation","vcode":"36","vname":"4.7"},"apkpure":{"pkg":"mappstreet.com.fakegpslocation","vcode":34,"vname":"4.5"}}
{"pkg":"com.buzzvil.honeyscreen.jp","gp":{"pkg":"com.buzzvil.honeyscreen.jp","vcode":"5052","vname":"5.0.5.2"},"apkpure":{"pkg":"com.buzzvil.honeyscreen.jp","vcode":5042,"vname":"5.0.4.2"}}
{"pkg":"com.naturalmotion.dawnoftitans","gp":{"pkg":"com.naturalmotion.dawnoftitans","vcode":"864","vname":"1.8.3"},"apkpure":{"pkg":"com.naturalmotion.dawnoftitans","vcode":862,"vname":"1.8.3"}}
{"pkg":"com.perplelab.hod","gp":{"pkg":"com.perplelab.hod","vcode":"25","vname":"1.1.2"},"apkpure":{"pkg":"com.perplelab.hod","vcode":24,"vname":"1.1.2"}}
Total app num: 323, diff apk num : 43
