{"pkg":"com.makemytrip","gp":{"pkg":"com.makemytrip","vcode":"121","vname":"5.5.1"},"online":{"pkg":"com.makemytrip","vcode":"116","sha1":"93101ae6b4898efb5de95e842dd97caebfe214af"}}
{"pkg":"com.tokopedia.tkpd","gp":{"pkg":"com.tokopedia.tkpd","vcode":"201030703","vname":"2.1.3"},"online":{"pkg":"com.tokopedia.tkpd","vcode":"201050903","sha1":"5ea4bacf016c3ee53f7f7eae8753ac0c19356f8c"}}
{"pkg":"com.yandex.browser","gp":{"pkg":"com.yandex.browser","vcode":"1607025312","vname":"16.7.0.2531"},"online":{"pkg":"com.yandex.browser","vcode":"1412009740","sha1":"f2ebe0d08b666fca21ed1d11633ef007f379d9f1"}}
{"pkg":"com.mentormate.android.inboxdollars","gp":{"pkg":"com.mentormate.android.inboxdollars","vcode":"165","vname":"2.10.0"},"online":{"pkg":"com.mentormate.android.inboxdollars","vcode":"140","sha1":"2516dabcccaf5163b7c7492be326714abc1048ec"}}
{"pkg":"com.freemobiletalktime.android","gp":{"pkg":"com.freemobiletalktime.android","vcode":"53","vname":"2.3"},"online":{"pkg":"com.freemobiletalktime.android","vcode":"52","sha1":"b8701a6ad7d7aaccfa39a34e1897a0cb59ae1bab"}}
{"pkg":"com.bigbluebubble.singingmonsters.full","gp":{"pkg":"com.bigbluebubble.singingmonsters.full","vcode":"52","vname":"1.4.3"},"online":{"pkg":"com.bigbluebubble.singingmonsters.full","vcode":"51","sha1":"02bca5ecb2298ddadd84f4506a07475c66add34e"}}
{"pkg":"com.abtnprojects.ambatana","gp":{"pkg":"com.abtnprojects.ambatana","vcode":"619","vname":"1.6.1"},"online":{"pkg":"com.abtnprojects.ambatana","vcode":"609","sha1":"4fdf346febdcb0c29631a7c3297160e8ea4c7839"}}
{"pkg":"com.ebay.gumtree.za","gp":{"pkg":"com.ebay.gumtree.za","vcode":"5528","vname":"3.5.0"},"online":{"pkg":"com.ebay.gumtree.za","vcode":"4276","sha1":"d7e067841c32c085d608c97313aecf2303bc2f96"}}
{"pkg":"com.turkcell.bip","gp":{"pkg":"com.turkcell.bip","vcode":"722","vname":"3.8.21"},"online":{"pkg":"com.turkcell.bip","vcode":"551","sha1":"4658375596a510ad883e03f29202907d29320c98"}}
{"pkg":"com.aol.mobile.altomail","gp":{"pkg":"com.aol.mobile.altomail","vcode":"1375","vname":"1.9 Build 1375"},"online":{"pkg":"com.aol.mobile.altomail","vcode":"1334","sha1":"84bc40e83d93146f59d0c9d9b4a639ddb24614be"}}
{"pkg":"com.olx.olx","gp":{"pkg":"com.olx.olx","vcode":"50802","vname":"5.8.2"},"online":{"pkg":"com.olx.olx","vcode":"50204","sha1":"a478371495db3a9d6ee31001050b6f27cee1e1c2"}}
{"pkg":"com.upjers.mfzmobile","gp":{"pkg":"com.upjers.mfzmobile","vcode":"53","vname":"1.9.3"},"online":{"pkg":"com.upjers.mfzmobile","vcode":"24","sha1":"6e9a7c2fa466e2247f2082855bddbea774177485"}}
{"pkg":"com.cleartrip.android","gp":{"pkg":"com.cleartrip.android","vcode":"84","vname":"16.8.0"},"online":{"pkg":"com.cleartrip.android","vcode":"47","sha1":"47fe260917632cd694c245af3c1e23467c08d9f5"}}
{"pkg":"com.psafe.msuite","gp":{"pkg":"com.psafe.msuite","vcode":"30603","vname":"3.6.3"},"online":{"pkg":"com.psafe.msuite","vcode":"30204","sha1":"ab2c39309660191ffbf84b25c06eb822afd64aa9"}}
{"pkg":"com.audible.application","gp":{"pkg":"com.audible.application","vcode":"15101","vname":"2.7.0"},"online":{"pkg":"com.audible.application","vcode":"7083","sha1":"9940bd07dae2cef1f12bb5fdb9b41d3ea8d984bd"}}
{"pkg":"com.starbucks.mobilecard","gp":{"pkg":"com.starbucks.mobilecard","vcode":"9459","vname":"4.2.2"},"online":{"pkg":"com.starbucks.mobilecard","vcode":"9413","sha1":"cc6e6f156c90f64b0f03e380103db3477672a7b6"}}
{"pkg":"com.linecorp.LGRGS","gp":{"pkg":"com.linecorp.LGRGS","vcode":"51","vname":"4.2.0"},"online":{"pkg":"com.linecorp.LGRGS","vcode":"43","sha1":"4a16ec1f6139eb680350746ff89f9815b3f68c1b"}}
{"pkg":"com.playrix.township","gp":{"pkg":"com.playrix.township","vcode":"401","vname":"4.0.1"},"online":{"pkg":"com.playrix.township","vcode":"351","sha1":"d6619df823096289bbbaf9ce0fb57245641402dd"}}
{"pkg":"com.etermax.preguntados.lite","gp":{"pkg":"com.etermax.preguntados.lite","vcode":"122","vname":"2.16.0"},"online":{"pkg":"com.etermax.preguntados.lite","vcode":"95","sha1":"60691091e55843b5b929d40cf3be7c2676b14b9d"}}
{"pkg":"com.myntra.android","gp":{"pkg":"com.myntra.android","vcode":"40110133","vname":"3.6.2"},"online":{"pkg":"com.myntra.android","vcode":"110046","sha1":"c31cce7617b56bb2931a55d8d717ba7c22f949ee"}}
{"pkg":"com.turboc.cleaner","gp":{"pkg":"com.turboc.cleaner","vcode":"38","vname":"1.0.0"},"online":{"pkg":"com.turboc.cleaner","vcode":"32","sha1":"279b1ff8747b1c802177f2830e46e65710cbd7c9"}}
{"pkg":"com.hitwe.android","gp":{"pkg":"com.hitwe.android","vcode":"72","vname":"3.4.2"},"online":{"pkg":"com.hitwe.android","vcode":"68","sha1":"7bae46cc33a1fd1da20a2c53fccd60b7af92f566"}}
{"pkg":"it.doveconviene.android","gp":{"pkg":"it.doveconviene.android","vcode":"4200","vname":"4.2.0"},"online":{"pkg":"it.doveconviene.android","vcode":"3800","sha1":"028b95ff90d5dd9029563c5c4b70494fd25c2e48"}}
{"pkg":"es.socialpoint.MonsterLegends","gp":{"pkg":"es.socialpoint.MonsterLegends","vcode":"1607191244","vname":"4.1.2"},"online":{"pkg":"es.socialpoint.MonsterLegends","vcode":"1603241114","sha1":"947bb59044a766dfee7bb1056c90baa7b6e6e9aa"}}
{"pkg":"com.wotif.android","gp":{"pkg":"com.wotif.android","vcode":"3030000","vname":"3.3.0"},"online":{"pkg":"com.wotif.android","vcode":"2010000","sha1":"5a3569bd63637e6b9de9104c241609cd3d471adf"}}
{"pkg":"com.xime.latin.lite","gp":{"pkg":"com.xime.latin.lite","vcode":"1015","vname":"1.0.15"},"online":{"pkg":"com.xime.latin.lite","vcode":"1013","sha1":"f16d41fa7229f1fd172bc6b9cfad97690c7db2d3"}}
{"pkg":"com.easycash.android","gp":{"pkg":"com.easycash.android","vcode":"21","vname":"1.0"},"online":{"pkg":"com.easycash.android","vcode":"20","sha1":"923e24e3737fda3564e79c34ce050b124bf4f50b"}}
{"pkg":"com.linecorp.LGBB2","gp":{"pkg":"com.linecorp.LGBB2","vcode":"27","vname":"1.9.1.1"},"online":{"pkg":"com.linecorp.LGBB2","vcode":"19","sha1":"4cc3233e0eb51d108212a0fc71cbaf00976d4461"}}
{"pkg":"com.yonder.xl","gp":{"pkg":"com.yonder.xl","vcode":"1607201249","vname":"1.68.1607201249"},"online":{"pkg":"com.yonder.xl","vcode":"165029","sha1":"0c41394e60ab5c598a665598bac2642c3fa36785"}}
{"pkg":"com.ubercab","gp":{"pkg":"com.ubercab","vcode":"31392","vname":"3.114.2"},"online":{"pkg":"com.ubercab","vcode":"31381","sha1":"6c70ce05a3289f8bdb17d7bc3270820a5c8f4cd4"}}
{"pkg":"com.upjers.newzealandfarmer","gp":{"pkg":"com.upjers.newzealandfarmer","vcode":"0","vname":""},"online":{"pkg":"com.upjers.newzealandfarmer","vcode":"40","sha1":"d298143469caabb43f82ffaf98851b266b5fcf4e"}}
{"pkg":"com.highlyrecommendedapps.droidkeeper","gp":{"pkg":"com.highlyrecommendedapps.droidkeeper","vcode":"114","vname":"1.0.2398"},"online":{"pkg":"com.highlyrecommendedapps.droidkeeper","vcode":"105","sha1":"5d980ce5c1dbddb77e6da2f0deb61c164dbc9a0e"}}
{"pkg":"org.grabpoints.android","gp":{"pkg":"org.grabpoints.android","vcode":"87","vname":"1.27"},"online":{"pkg":"org.grabpoints.android","vcode":"83","sha1":"1206347007f0568d9ef473417706c7c7c257f971"}}
{"pkg":"com.shoppingkaki","gp":{"pkg":"com.shoppingkaki","vcode":"29900","vname":"2.0.99"},"online":{"pkg":"com.shoppingkaki","vcode":"29600","sha1":"90a57bf1a85e66fb1354508863eb495bea8dac58"}}
{"pkg":"com.logmein.joinme","gp":{"pkg":"com.logmein.joinme","vcode":"13223004","vname":"3.2.2.3004"},"online":{"pkg":"com.logmein.joinme","vcode":"13212766","sha1":"3d5aa9ed006e71cbbd9d50ea656e062c1186800c"}}
{"pkg":"com.letgo.ar","gp":{"pkg":"com.letgo.ar","vcode":"800201","vname":"8.2.1"},"online":{"pkg":"com.letgo.ar","vcode":"800100","sha1":"95e855a9fd4d27cc39127da6d8c79f20287901ee"}}
{"pkg":"air.com.sgn.bookoflife.gp","gp":{"pkg":"air.com.sgn.bookoflife.gp","vcode":"0","vname":""},"online":{"pkg":"air.com.sgn.bookoflife.gp","vcode":"3015110","sha1":"1baa5bcc16c5ef98d028958c8f10e57a1dc1da22"}}
{"pkg":"com.mmog.mddtank","gp":{"pkg":"com.mmog.mddtank","vcode":"0","vname":""},"online":{"pkg":"com.mmog.mddtank","vcode":"12001","sha1":"f3765304c1e25508d36d076308b4f7e03dda9e15"}}
{"pkg":"com.sgn.pandapop.gp","gp":{"pkg":"com.sgn.pandapop.gp","vcode":"0","vname":""},"online":{"pkg":"com.sgn.pandapop.gp","vcode":"3008003","sha1":"0ea0e9218406611550dd10d12a7f170adb80ef97"}}
{"pkg":"com.fivemobile.thescore","gp":{"pkg":"com.fivemobile.thescore","vcode":"328","vname":"4.9.2"},"online":{"pkg":"com.fivemobile.thescore","vcode":"245","sha1":"c8261b777b97d3900f176629bb680b40e3e554e2"}}
{"pkg":"com.kddi.android.newspass","gp":{"pkg":"com.kddi.android.newspass","vcode":"1004004","vname":"1.0.4"},"online":{"pkg":"com.kddi.android.newspass","vcode":"1003003","sha1":"e4420544d6e28da7ec77b2d9c489ed7cdda5bfce"}}
{"pkg":"com.bbros.sayup","gp":{"pkg":"com.bbros.sayup","vcode":"2470","vname":"2.4.7"},"online":{"pkg":"com.bbros.sayup","vcode":"2451","sha1":"f8f6a351f139fe0fc5ee81c80cbecd3e0768ace8"}}
{"pkg":"com.twitter.android","gp":{"pkg":"com.twitter.android","vcode":"6110012","vname":"6.9.0"},"online":{"pkg":"com.twitter.android","vcode":"5110049","sha1":"0e433ec2c28c9348cf70d7462f8df21c085558fd"}}
{"pkg":"kr.co.emart.emartmall","gp":{"pkg":"kr.co.emart.emartmall","vcode":"2310","vname":"2.3.1"},"online":{"pkg":"kr.co.emart.emartmall","vcode":"2091","sha1":"b20492c291d4cfc80a2cda10b7bb391a7fd29cf0"}}
{"pkg":"jp.co.mixi.monsterstrikeUS","gp":{"pkg":"jp.co.mixi.monsterstrikeUS","vcode":"0","vname":""},"online":{"pkg":"jp.co.mixi.monsterstrikeUS","vcode":"51100","sha1":"5708778c9be42306dbae4ea0cc5a5ed769cdfc1d"}}
{"pkg":"com.qisiemoji.inputmethod","gp":{"pkg":"com.qisiemoji.inputmethod","vcode":"1436","vname":"5.5.6.1436"},"online":{"pkg":"com.qisiemoji.inputmethod","vcode":"185","sha1":"bc5abc45c8b47602106a01be25525160b3769f7a"}}
{"pkg":"com.sgn.geniesandgems.gp","gp":{"pkg":"com.sgn.geniesandgems.gp","vcode":"0","vname":""},"online":{"pkg":"com.sgn.geniesandgems.gp","vcode":"62003112","sha1":"c30cb063e5953e125b2056db336c444ee102aee3"}}
{"pkg":"com.famelive","gp":{"pkg":"com.famelive","vcode":"66","vname":"2.0.58"},"online":{"pkg":"com.famelive","vcode":"64","sha1":"9d633dc3d178d4886428df9bc3cd7388a32d8395"}}
{"pkg":"com.nordcurrent.canteenhd","gp":{"pkg":"com.nordcurrent.canteenhd","vcode":"142","vname":"2.0.1"},"online":{"pkg":"com.nordcurrent.canteenhd","vcode":"94","sha1":"02f97a7a4eb3b938a8e6045cc793bbb4d0f26a18"}}
{"pkg":"com.king.candycrushsodasaga","gp":{"pkg":"com.king.candycrushsodasaga","vcode":"10710030","vname":"1.71.3"},"online":{"pkg":"com.king.candycrushsodasaga","vcode":"10500090","sha1":"599d0cc25a35814b3a7062145a20af072f6643e9"}}
{"pkg":"com.zynga.wwf2.free","gp":{"pkg":"com.zynga.wwf2.free","vcode":"3852","vname":"3.852"},"online":{"pkg":"com.zynga.wwf2.free","vcode":"3303","sha1":"57ba283620c01ace6608ef79eb2350b1f0c133df"}}
{"pkg":"com.rafotech.piggyboom","gp":{"pkg":"com.rafotech.piggyboom","vcode":"20308","vname":"2.3.8"},"online":{"pkg":"com.rafotech.piggyboom","vcode":"20307","sha1":"7b5d50c9398a35f5648edc73f23706806be826be"}}
{"pkg":"com.hermes.superb.booster","gp":{"pkg":"com.hermes.superb.booster","vcode":"95","vname":"1.1.71"},"online":{"pkg":"com.hermes.superb.booster","vcode":"85","sha1":"f9968ed2e85842225014039579ab09aadae29884"}}
{"pkg":"com.roularta.lexpress","gp":{"pkg":"com.roularta.lexpress","vcode":"601020","vname":"6.1.2"},"online":{"pkg":"com.roularta.lexpress","vcode":"601000","sha1":"1a9665d5ede2694f980d54403a03670b35677098"}}
{"pkg":"com.app.antivirusfree2016","gp":{"pkg":"com.app.antivirusfree2016","vcode":"100088","vname":"1.0.8"},"online":{"pkg":"com.app.antivirusfree2016","vcode":"100068","sha1":"f430314f38cc48c04919ea90a11e8c387de47836"}}
{"pkg":"com.nip.cennoticias","gp":{"pkg":"com.nip.cennoticias","vcode":"101","vname":"2.4.0.1"},"online":{"pkg":"com.nip.cennoticias","vcode":"98","sha1":"2a20f90eef8d7e31230cb3a404f8cd35fde934a6"}}
{"pkg":"com.ubercab.eats","gp":{"pkg":"com.ubercab.eats","vcode":"86","vname":"1.54.1"},"online":{"pkg":"com.ubercab.eats","vcode":"77","sha1":"a8df5106788817991a440080aba5c3088123448d"}}
{"pkg":"mobi.zamba.caller","gp":{"pkg":"mobi.zamba.caller","vcode":"21","vname":"1.21"},"online":{"pkg":"mobi.zamba.caller","vcode":"15","sha1":"fef24c36437397f7d8c0764e7e600e04d67913f4"}}
{"pkg":"in.amazon.mShop.android.shopping","gp":{"pkg":"in.amazon.mShop.android.shopping","vcode":"19071910","vname":"8.1.0.300"},"online":{"pkg":"in.amazon.mShop.android.shopping","vcode":"16005610","sha1":"7b82f4e3d922c740c08e73a3967e4289a01435a6"}}
{"pkg":"com.woot.android.main","gp":{"pkg":"com.woot.android.main","vcode":"0","vname":""},"online":{"pkg":"com.woot.android.main","vcode":"2305","sha1":"1b06afa11d2338f5d37a8152f3368a7905aca33d"}}
{"pkg":"com.amazon.mShop.android.shopping","gp":{"pkg":"com.amazon.mShop.android.shopping","vcode":"0","vname":""},"online":{"pkg":"com.amazon.mShop.android.shopping","vcode":"19051910","sha1":"f9e3103288346a7c57ba1d6af44886d9ec05ffca"}}
{"pkg":"de.mobile.android.app","gp":{"pkg":"de.mobile.android.app","vcode":"532","vname":"5.19.1"},"online":{"pkg":"de.mobile.android.app","vcode":"481","sha1":"963fa6bd0160e497c181f0a5045873727f0a1cb6"}}
{"pkg":"com.opera.mini.native","gp":{"pkg":"com.opera.mini.native","vcode":"183106542","vname":"18.0.2254.106542"},"online":{"pkg":"com.opera.mini.native","vcode":"181106542","sha1":"dd3e557feadfb2245aa1c16a788998ba6b09daa4"}}
{"pkg":"air.com.sgn.juicejam.gp","gp":{"pkg":"air.com.sgn.juicejam.gp","vcode":"1021008","vname":"1.21.8"},"online":{"pkg":"air.com.sgn.juicejam.gp","vcode":"1011018","sha1":"fcda88473a366aa15803387b7410194823ab15ff"}}
{"pkg":"com.jollycorp.jollychic","gp":{"pkg":"com.jollycorp.jollychic","vcode":"56","vname":"4.3.3"},"online":{"pkg":"com.jollycorp.jollychic","vcode":"53","sha1":"ddcce83d07925ca10bfe5a85853f757808e6e52c"}}
{"pkg":"com.olx.southasia","gp":{"pkg":"com.olx.southasia","vcode":"186","vname":"4.0.7"},"online":{"pkg":"com.olx.southasia","vcode":"184","sha1":"2c00812a7654f18fa81a6fc14f667abd023abb8b"}}
{"pkg":"com.leftover.CoinDozer","gp":{"pkg":"com.leftover.CoinDozer","vcode":"1630","vname":"16.3"},"online":{"pkg":"com.leftover.CoinDozer","vcode":"1460","sha1":"3e28077181d177b87f8a77d1201f134f7f7f493e"}}
{"pkg":"jp.co.ticket","gp":{"pkg":"jp.co.ticket","vcode":"23","vname":"3.3.5"},"online":{"pkg":"jp.co.ticket","vcode":"22","sha1":"5cbf86f3290a136d32a6052d169e97ce7ec65f4f"}}
{"pkg":"com.facebook.katana","gp":{"pkg":"com.facebook.katana","vcode":"35266884","vname":"88.0.0.22.76"},"online":{"pkg":"com.facebook.katana","vcode":"35266892","sha1":"16d24f1c6df88c84667ec6cb5866fdbe6565d7e2"}}
{"pkg":"com.onavo.spaceship","gp":{"pkg":"com.onavo.spaceship","vcode":"34667604","vname":"12.0.0.4.7"},"online":{"pkg":"com.onavo.spaceship","vcode":"33194647","sha1":"fd462ba955cbeb2184c5138f78e0e96fa708ce57"}}
{"pkg":"com.indtrade.tvlocker","gp":{"pkg":"com.indtrade.tvlocker","vcode":"3","vname":"1.2"},"online":{"pkg":"com.indtrade.tvlocker","vcode":"2","sha1":"518ba1363a70a406d6f7b9c99fdb2af585f1b2e5"}}
{"pkg":"com.bigbasket.mobileapp","gp":{"pkg":"com.bigbasket.mobileapp","vcode":"151673","vname":"2.4.2"},"online":{"pkg":"com.bigbasket.mobileapp","vcode":"153274","sha1":"20a45c6b98ca9a7e898f3bf1a58b37f37f527123"}}
{"pkg":"com.comuto","gp":{"pkg":"com.comuto","vcode":"33210","vname":"4.10.3"},"online":{"pkg":"com.comuto","vcode":"33214","sha1":"6b1cdc780e45bf7ec5db3edb11917eaf714b8797"}}
{"pkg":"com.radiofrance.radio.fip.android","gp":{"pkg":"com.radiofrance.radio.fip.android","vcode":"25","vname":"4.0.2"},"online":{"pkg":"com.radiofrance.radio.fip.android","vcode":"11","sha1":"766c32a0500379c677f5be5fe6ea9af2b7c23fc8"}}
{"pkg":"com.lafalafa.android","gp":{"pkg":"com.lafalafa.android","vcode":"356","vname":"3.5.6"},"online":{"pkg":"com.lafalafa.android","vcode":"351","sha1":"7b3c0e46604b7fbb326d7a47c7ee2555db243ac8"}}
{"pkg":"com.call.record.pro","gp":{"pkg":"com.call.record.pro","vcode":"101","vname":"1.0.1"},"online":{"pkg":"com.call.record.pro","vcode":"100","sha1":"4508e4ab6c5342be977d4c2e96f1520dc2a154fc"}}
{"pkg":"com.tuts.poguide","gp":{"pkg":"com.tuts.poguide","vcode":"100038","vname":"1.0.3"},"online":{"pkg":"com.tuts.poguide","vcode":"100018","sha1":"e857fa6da435aaa3979f00fa3e6c5ddd1dcd2d04"}}
{"pkg":"com.pixonic.wwr","gp":{"pkg":"com.pixonic.wwr","vcode":"8210","vname":"1.8.0"},"online":{"pkg":"com.pixonic.wwr","vcode":"8184","sha1":"4e7968c98d3431f51e131155fe09d58c7cf9129b"}}
{"pkg":"ru.crazybit.experiment","gp":{"pkg":"ru.crazybit.experiment","vcode":"23503902","vname":"4.0235"},"online":{"pkg":"ru.crazybit.experiment","vcode":"223403802","sha1":"525d15df201187b729c607615c7bdf51cb57a518"}}
{"pkg":"com.gyg.gomex","gp":{"pkg":"com.gyg.gomex","vcode":"20","vname":"2.5.8.41"},"online":{"pkg":"com.gyg.gomex","vcode":"7","sha1":"36b07796dfeb3fa6b3a69fed0afe364230fa356e"}}
{"pkg":"com.kr.u815.app","gp":{"pkg":"com.kr.u815.app","vcode":"53","vname":"1.4.0"},"online":{"pkg":"com.kr.u815.app","vcode":"52","sha1":"d473a2f24dbefa863fd874fca98dfa33fbfad4ba"}}
{"pkg":"com.midasplayer.apps.bubblewitchsaga2","gp":{"pkg":"com.midasplayer.apps.bubblewitchsaga2","vcode":"105230","vname":"1.52.3"},"online":{"pkg":"com.midasplayer.apps.bubblewitchsaga2","vcode":"104921","sha1":"9fda00ea1d11a7730e91acb4650a3414fbeaefc5"}}
{"pkg":"es.socialpoint.DragonCity","gp":{"pkg":"es.socialpoint.DragonCity","vcode":"1607281539","vname":"4.5.1"},"online":{"pkg":"es.socialpoint.DragonCity","vcode":"1604141231","sha1":"2eb1755d0cccf8de7073215c1fb50d13b3299e5c"}}
{"pkg":"com.jiubang.alock","gp":{"pkg":"com.jiubang.alock","vcode":"66","vname":"v1.37.1"},"online":{"pkg":"com.jiubang.alock","vcode":"63","sha1":"6d91d7b792909c1737a9f34afd732cbdf70d9b32"}}
{"pkg":"com.perblue.dragonsoul","gp":{"pkg":"com.perblue.dragonsoul","vcode":"0","vname":""},"online":{"pkg":"com.perblue.dragonsoul","vcode":"103021","sha1":"8f263a77630fdc81f1decaaaa82dd8e05a2fff53"}}
{"pkg":"com.emoji.coolkeyboard","gp":{"pkg":"com.emoji.coolkeyboard","vcode":"186","vname":"3.4.186"},"online":{"pkg":"com.emoji.coolkeyboard","vcode":"45","sha1":"46c5000762f5ccb7793dccd3df3aab986a6ee76d"}}
{"pkg":"com.hcg.cok.gp","gp":{"pkg":"com.hcg.cok.gp","vcode":"1188","vname":"2.6.2"},"online":{"pkg":"com.hcg.cok.gp","vcode":"955","sha1":"95c9b938f2f072f94182c36986bc9b18734a8834"}}
{"pkg":"jp.co.yahoo.netallica","gp":{"pkg":"jp.co.yahoo.netallica","vcode":"229","vname":"2.6.0"},"online":{"pkg":"jp.co.yahoo.netallica","vcode":"226","sha1":"e2631449065a134c6406c176f93a712528d554b1"}}
{"pkg":"com.talabat","gp":{"pkg":"com.talabat","vcode":"55","vname":"3.9.4"},"online":{"pkg":"com.talabat","vcode":"68","sha1":"b14dc2e58eff6fd8aff6737a68a3d9bf320386f9"}}
{"pkg":"com.cleanmaster.mguard","gp":{"pkg":"com.cleanmaster.mguard","vcode":"51355600","vname":"5.13.5"},"online":{"pkg":"com.cleanmaster.mguard","vcode":"51333524","sha1":"118a625dcc294c57856c513629171cb14ef2b9de"}}
{"pkg":"jp.co.bandainamcoent.BNEI0242","gp":{"pkg":"jp.co.bandainamcoent.BNEI0242","vcode":"52","vname":"2.1.2"},"online":{"pkg":"jp.co.bandainamcoent.BNEI0242","vcode":"51","sha1":"2ffcebbd73c4258ed9e8c6f5e576c7dbbd92b586"}}
{"pkg":"com.gift4meapp","gp":{"pkg":"com.gift4meapp","vcode":"12","vname":"1.1.8"},"online":{"pkg":"com.gift4meapp","vcode":"10","sha1":"cc42fc49840080dcaad3422e7cde1d389b66754e"}}
{"pkg":"com.mcrtalk.pa14r","gp":{"pkg":"com.mcrtalk.pa14r","vcode":"13","vname":"0101-3.33-013"},"online":{"pkg":"com.mcrtalk.pa14r","vcode":"11","sha1":"bd345f56a2af9860d13a1bbceed2cba4e4fe7b12"}}
{"pkg":"com.tap4fun.reignofwar","gp":{"pkg":"com.tap4fun.reignofwar","vcode":"1321404","vname":"1.32.14"},"online":{"pkg":"com.tap4fun.reignofwar","vcode":"1260100","sha1":"8ca6434cf7dc746346c0a137e1940a6ab660069f"}}
{"pkg":"com.nytimes.android","gp":{"pkg":"com.nytimes.android","vcode":"9772","vname":"6.04.1"},"online":{"pkg":"com.nytimes.android","vcode":"9119","sha1":"9be070a5ec66cb701239dcfc46025d7d4666a1c7"}}
{"pkg":"com.mobtools.membooster","gp":{"pkg":"com.mobtools.membooster","vcode":"100038","vname":"1.0.3"},"online":{"pkg":"com.mobtools.membooster","vcode":"100018","sha1":"a15bd3b7b363137a2758c8ec00e91cdb940fb476"}}
{"pkg":"com.ebay.kr.auction","gp":{"pkg":"com.ebay.kr.auction","vcode":"149","vname":"4.5.70"},"online":{"pkg":"com.ebay.kr.auction","vcode":"148","sha1":"310b787d0d5ae1b5b9b8c5a7170549abd51b239b"}}
{"pkg":"com.stash.stashinvest","gp":{"pkg":"com.stash.stashinvest","vcode":"70","vname":"1.2.11"},"online":{"pkg":"com.stash.stashinvest","vcode":"64","sha1":"98e6b5e009c153bdfafec5fccefbf0db2f943bee"}}
{"pkg":"jp.colopl.president","gp":{"pkg":"jp.colopl.president","vcode":"89","vname":"1.0.58"},"online":{"pkg":"jp.colopl.president","vcode":"88","sha1":"507a5d982f15c61aa962ddba7f23938686754762"}}
{"pkg":"com.buzzvil.honeyscreen.jp","gp":{"pkg":"com.buzzvil.honeyscreen.jp","vcode":"5052","vname":"5.0.5.2"},"online":{"pkg":"com.buzzvil.honeyscreen.jp","vcode":"5042","sha1":"48bfd7846520991bc8c35c9f075125b8e0b94f17"}}
{"pkg":"com.groupon","gp":{"pkg":"com.groupon","vcode":"54717","vname":"16.9.54717"},"online":{"pkg":"com.groupon","vcode":"5470","sha1":"979b53498d97a62ca3c6b4512096425008919808"}}
{"pkg":"net.lovoo.android","gp":{"pkg":"net.lovoo.android","vcode":"115","vname":"3.11.2"},"online":{"pkg":"net.lovoo.android","vcode":"74","sha1":"5fbee7b0c55e5f1725164b12f14b1372232a1361"}}
{"pkg":"com.perplelab.hod","gp":{"pkg":"com.perplelab.hod","vcode":"25","vname":"1.1.2"},"online":{"pkg":"com.perplelab.hod","vcode":"12","sha1":"fcf5f864f7bb160dfb0a2aad3f181e3b74aea551"}}
Total app num: 323, diff apk num : 103
