com.makemytrip | 116 | 93101ae6b4898efb5de95e842dd97caebfe214af
com.akbank.android.apps.akbank_direkt | 1412128 | 19a3ab52f15c05d606a1a66452c5200ada8821f7
com.tokopedia.tkpd | 201050903 | 5ea4bacf016c3ee53f7f7eae8753ac0c19356f8c
com.yandex.browser | 1412009740 | f2ebe0d08b666fca21ed1d11633ef007f379d9f1
com.mentormate.android.inboxdollars | 140 | 2516dabcccaf5163b7c7492be326714abc1048ec
com.freemobiletalktime.android | 52 | b8701a6ad7d7aaccfa39a34e1897a0cb59ae1bab
com.bigbluebubble.singingmonsters.full | 51 | 02bca5ecb2298ddadd84f4506a07475c66add34e
com.abtnprojects.ambatana | 609 | 4fdf346febdcb0c29631a7c3297160e8ea4c7839
com.ebay.gumtree.za | 4276 | d7e067841c32c085d608c97313aecf2303bc2f96
com.turkcell.bip | 551 | 4658375596a510ad883e03f29202907d29320c98
com.aol.mobile.altomail | 1334 | 84bc40e83d93146f59d0c9d9b4a639ddb24614be
com.olx.olx | 50204 | a478371495db3a9d6ee31001050b6f27cee1e1c2
com.upjers.mfzmobile | 24 | 6e9a7c2fa466e2247f2082855bddbea774177485
mobi.wifi.toolbox | 166 | ffb0ee0e7aeead60129b69f8e1685c7733ae4661
com.dotc.ime.latin.flash | 1067 | f380a5a4f06737da9086c16d508584a54de70fb5
com.cleartrip.android | 47 | 47fe260917632cd694c245af3c1e23467c08d9f5
com.psafe.msuite | 30204 | ab2c39309660191ffbf84b25c06eb822afd64aa9
com.audible.application | 7083 | 9940bd07dae2cef1f12bb5fdb9b41d3ea8d984bd
com.playrix.fishdomdd.gplay | 223020106 | 453e66d450424b633247ce0448e63d6be44c405c
com.starbucks.mobilecard | 9413 | cc6e6f156c90f64b0f03e380103db3477672a7b6
com.jabong.android | 48 | ef5f0e6409db8b14bb1d1a2b96b74ac7cc88d215
com.linecorp.LGRGS | 43 | 4a16ec1f6139eb680350746ff89f9815b3f68c1b
air.com.sgn.cookiejam.gp | 5040120 | d18034e521c3b2e35a0d4c72de3a46874ee6ab71
com.playrix.township | 351 | d6619df823096289bbbaf9ce0fb57245641402dd
com.haulmont.shamrock.android | 2000210 | e7a6c57334ac5db5f62d39cf80c3e4eaa888dc9d
com.etermax.preguntados.lite | 95 | 60691091e55843b5b929d40cf3be7c2676b14b9d
com.myntra.android | 110046 | c31cce7617b56bb2931a55d8d717ba7c22f949ee
com.turboc.cleaner | 32 | 279b1ff8747b1c802177f2830e46e65710cbd7c9
com.hitwe.android | 68 | 7bae46cc33a1fd1da20a2c53fccd60b7af92f566
it.doveconviene.android | 3800 | 028b95ff90d5dd9029563c5c4b70494fd25c2e48
es.socialpoint.MonsterLegends | 1603241114 | 947bb59044a766dfee7bb1056c90baa7b6e6e9aa
com.wotif.android | 2010000 | 5a3569bd63637e6b9de9104c241609cd3d471adf
com.xime.latin.lite | 1013 | f16d41fa7229f1fd172bc6b9cfad97690c7db2d3
com.neowiz.games.poker | 64 | 7afe76710d2dfa80029fe58f55d12e3279c0b131
com.easycash.android | 20 | 923e24e3737fda3564e79c34ce050b124bf4f50b
com.linecorp.LGBB2 | 19 | 4cc3233e0eb51d108212a0fc71cbaf00976d4461
com.yonder.xl | 165029 | 0c41394e60ab5c598a665598bac2642c3fa36785
com.fw.appshare | 4864 | ca9d38b7958b088c463bd00a181235937efa38c2
com.gameinsight.tribez | 775 | 4e5cf24c1a9a76c9f8459375a679758c5ae12aa6
com.miHoYo.HSoDv2JPOriginalEx | 20 | 4901b4230f8b11d29dfd83cb3cbae1d3eba0a560
com.ubercab | 31381 | 6c70ce05a3289f8bdb17d7bc3270820a5c8f4cd4
com.fshareapps.android | 10001280 | 09ab5a4d64f231f9f8dcd85f4c41f6128429c045
com.upjers.newzealandfarmer | 40 | d298143469caabb43f82ffaf98851b266b5fcf4e
com.highlyrecommendedapps.droidkeeper | 105 | 5d980ce5c1dbddb77e6da2f0deb61c164dbc9a0e
org.grabpoints.android | 83 | 1206347007f0568d9ef473417706c7c7c257f971
com.shoppingkaki | 29600 | 90a57bf1a85e66fb1354508863eb495bea8dac58
com.mobile.indiapp | 33 | 4456d2dc6995edb7a4385b2e6ed20036a9ae458e
com.logmein.joinme | 13212766 | 3d5aa9ed006e71cbbd9d50ea656e062c1186800c
com.tencent.mm | 821 | bf007781b726bdd5b545c3aced166458598b4ea8
com.letgo.ar | 800100 | 95e855a9fd4d27cc39127da6d8c79f20287901ee
air.com.sgn.bookoflife.gp | 3015110 | 1baa5bcc16c5ef98d028958c8f10e57a1dc1da22
com.mmog.mddtank | 12001 | f3765304c1e25508d36d076308b4f7e03dda9e15
com.finatext.karufx | 15 | 92348020e13fa82b80b3115a2e2f23db03a48a14
com.xoom.android.app | 430 | 71e839ac8cb76109fdd5f24f05298743453cb532
com.sgn.pandapop.gp | 3008003 | 0ea0e9218406611550dd10d12a7f170adb80ef97
com.fivemobile.thescore | 245 | c8261b777b97d3900f176629bb680b40e3e554e2
com.kddi.android.newspass | 1003003 | e4420544d6e28da7ec77b2d9c489ed7cdda5bfce
com.olx.ssa.ug | 170 | 7adce6871ca70c74c9280f5e252126fd5e80ce82
com.bbros.sayup | 2451 | f8f6a351f139fe0fc5ee81c80cbecd3e0768ace8
com.twitter.android | 5110049 | 0e433ec2c28c9348cf70d7462f8df21c085558fd
kr.co.emart.emartmall | 2091 | b20492c291d4cfc80a2cda10b7bb391a7fd29cf0
jp.co.mixi.monsterstrikeUS | 51100 | 5708778c9be42306dbae4ea0cc5a5ed769cdfc1d
com.igg.castleclash | 1200930 | 1b4fe5201b3e06f4b2fbb0bfad6311d3d2c03c59
com.qisiemoji.inputmethod | 185 | bc5abc45c8b47602106a01be25525160b3769f7a
com.sgn.geniesandgems.gp | 62003112 | c30cb063e5953e125b2056db336c444ee102aee3
com.chbreeze.jikbang4a | 153 | 6c738646b435996c861903d8b627f6a14a1223bf
com.raise.andraise | 230 | 3c7d7aff2d72d75d2c0f1fd11ae344c56371bc0e
com.famelive | 64 | 9d633dc3d178d4886428df9bc3cd7388a32d8395
com.igg.android.lordsmobile | 46 | b425a3581f3be853be0727644ab0c284751f62a0
com.nordcurrent.canteenhd | 94 | 02f97a7a4eb3b938a8e6045cc793bbb4d0f26a18
com.king.candycrushsodasaga | 10500090 | 599d0cc25a35814b3a7062145a20af072f6643e9
com.mapswithme.maps.pro | 1625 | 6395db5dd16f3c490f4253591715c3f9dd013745
com.zynga.wwf2.free | 3303 | 57ba283620c01ace6608ef79eb2350b1f0c133df
com.rafotech.piggyboom | 20307 | 7b5d50c9398a35f5648edc73f23706806be826be
com.hermes.superb.booster | 85 | f9968ed2e85842225014039579ab09aadae29884
com.redmart.redmart | 107 | 0544a261a2125837293de37393961a47f1084ab6
air.com.arm_enterprises.supersoccer.england2014 | 1014003 | e7cda901843305d4586d4d7d9d3fe3211f404bb4
com.roularta.lexpress | 601000 | 1a9665d5ede2694f980d54403a03670b35677098
com.app.antivirusfree2016 | 100068 | f430314f38cc48c04919ea90a11e8c387de47836
com.nip.cennoticias | 98 | 2a20f90eef8d7e31230cb3a404f8cd35fde934a6
com.ubercab.eats | 77 | a8df5106788817991a440080aba5c3088123448d
mobi.zamba.caller | 15 | fef24c36437397f7d8c0764e7e600e04d67913f4
org.fxclub.libertex | 2424 | 0c80b825493a9ec0fc2cf5bbe8c675e0388e1105
com.my.evolution.android | 35106 | 98b05c1cc1eae5ca6d4b17bf19014c87cf6c1737
com.efun.fy.sm | 8 | 669065b6a31a3a27d3d7afd199c2a64bbec80188
in.amazon.mShop.android.shopping | 16005610 | 7b82f4e3d922c740c08e73a3967e4289a01435a6
de.mobile.android.app | 481 | 963fa6bd0160e497c181f0a5045873727f0a1cb6
com.nexonm.dominations.adk | 653 | a1a0b11231637171470e1d304c03a489c58ac23d
kr.co.angames.galaxyconflict.google.android | 70 | 80d53104b9b720968ae2c55d2513d859ed41041b
com.qihoo.batterysaverplus | 33 | 4d4ab75197aa00035f51b2579c1b5f00b1e69eff
air.com.sgn.juicejam.gp | 1011018 | fcda88473a366aa15803387b7410194823ab15ff
com.jollycorp.jollychic | 53 | ddcce83d07925ca10bfe5a85853f757808e6e52c
com.olx.southasia | 184 | 2c00812a7654f18fa81a6fc14f667abd023abb8b
com.plarium.stormfallrob | 21551792 | 5258118052c9e0b905d708dad9dcd17dd6b61a73
com.leftover.CoinDozer | 1460 | 3e28077181d177b87f8a77d1201f134f7f7f493e
com.facebook.katana | 35266892 | 16d24f1c6df88c84667ec6cb5866fdbe6565d7e2
com.onavo.spaceship | 33194647 | fd462ba955cbeb2184c5138f78e0e96fa708ce57
com.indtrade.tvlocker | 2 | 518ba1363a70a406d6f7b9c99fdb2af585f1b2e5
com.bigbasket.mobileapp | 153274 | 20a45c6b98ca9a7e898f3bf1a58b37f37f527123
com.comuto | 33214 | 6b1cdc780e45bf7ec5db3edb11917eaf714b8797
com.creditsesame | 103 | ae1b42500ec9678e2a84aacd5299f529d59ed435
com.radiofrance.radio.fip.android | 11 | 766c32a0500379c677f5be5fe6ea9af2b7c23fc8
com.lafalafa.android | 351 | 7b3c0e46604b7fbb326d7a47c7ee2555db243ac8
com.pixonic.wwr | 8184 | 4e7968c98d3431f51e131155fe09d58c7cf9129b
ru.crazybit.experiment | 223403802 | 525d15df201187b729c607615c7bdf51cb57a518
com.magiclick.odeabank | 12 | bcaec63b4cdea53fed957b6a944affdb92e3131f
com.gyg.gomex | 7 | 36b07796dfeb3fa6b3a69fed0afe364230fa356e
com.kr.u815.app | 52 | d473a2f24dbefa863fd874fca98dfa33fbfad4ba
com.midasplayer.apps.bubblewitchsaga2 | 104921 | 9fda00ea1d11a7730e91acb4650a3414fbeaefc5
es.socialpoint.DragonCity | 1604141231 | 2eb1755d0cccf8de7073215c1fb50d13b3299e5c
com.jiubang.alock | 63 | 6d91d7b792909c1737a9f34afd732cbdf70d9b32
com.perblue.dragonsoul | 103021 | 8f263a77630fdc81f1decaaaa82dd8e05a2fff53
com.emoji.coolkeyboard | 45 | 46c5000762f5ccb7793dccd3df3aab986a6ee76d
com.hcg.cok.gp | 955 | 95c9b938f2f072f94182c36986bc9b18734a8834
jp.co.yahoo.netallica | 226 | e2631449065a134c6406c176f93a712528d554b1
com.talabat | 68 | b14dc2e58eff6fd8aff6737a68a3d9bf320386f9
com.cleanmaster.mguard | 51333524 | 118a625dcc294c57856c513629171cb14ef2b9de
mappstreet.com.fakegpslocation | 36 | 9fdd995eead86fbdc2da0d41af2143a80e05bbf8
jp.co.bandainamcoent.BNEI0242 | 51 | 2ffcebbd73c4258ed9e8c6f5e576c7dbbd92b586
com.gift4meapp | 10 | cc42fc49840080dcaad3422e7cde1d389b66754e
com.mcrtalk.pa14r | 11 | bd345f56a2af9860d13a1bbceed2cba4e4fe7b12
com.tap4fun.reignofwar | 1260100 | 8ca6434cf7dc746346c0a137e1940a6ab660069f
com.nytimes.android | 9119 | 9be070a5ec66cb701239dcfc46025d7d4666a1c7
com.mobtools.membooster | 100018 | a15bd3b7b363137a2758c8ec00e91cdb940fb476
com.scopely.headshot | 136682410 | e35f48b117505903df9186a1958ea1eaa2d15ffd
com.ebay.kr.auction | 148 | 310b787d0d5ae1b5b9b8c5a7170549abd51b239b
com.stash.stashinvest | 64 | 98e6b5e009c153bdfafec5fccefbf0db2f943bee
jp.colopl.president | 88 | 507a5d982f15c61aa962ddba7f23938686754762
com.naturalmotion.dawnoftitans | 864 | 83109c1cda6103e365e0da6d6e661ace01f33036
com.groupon | 5470 | 979b53498d97a62ca3c6b4512096425008919808
net.lovoo.android | 74 | 5fbee7b0c55e5f1725164b12f14b1372232a1361
com.perplelab.hod | 12 | fcf5f864f7bb160dfb0a2aad3f181e3b74aea551
com.garanti.cepsubesi | 500424 | 89452df09a80ff4bcfc6d64aba57f614b373641b
com.midasplayer.apps.diamonddiggersaga | 200100010 | 1c15e2ec834d8a4d7a9ccae82817948a1c7694dd
com.thetrainline | 500010 | 1005e7ae204d27bf28da8f3f46c145e84fbd12a7
com.icicibank.pockets | 42 | bf064998f595d64f339999d40a153ec7567eb683
air.com.goodgamestudios.empirefourkingdoms | 1031082 | 4663b43e47ebdf8cf6cda49f5f81e885fa14662f
com.activisticgroup.VeteransCall | 101728 | f9e8a3fcb9e7d30ced27d5918893918e369ac52b
com.hcom.android | 48 | de0a76d490360f30d786f281f0088cf8d4339612
com.pacificinteractive.HouseOfFun | 209 | 75a553a3f7504bef10109acca5c7dcde4380e801
com.iqoption | 111 | 93190c31c4ed3c03b5b42ec68a00b85be7dd1e6d
com.linxo.androlinxo | 15170 | a3d9f9e12176cd24c3a546e3692509c3dab4a127
seeso.com | 71 | 29f9ed34f602c94b60540795f42906742d06053e
air.com.playtika.slotomania | 235000003 | bceee593893978d99afc96ad50e38fc9a7d72710
com.ss.xyjhtw.gp | 1431 | 43075d83144ac1d3426cb5e55296d5ec979efb10
com.bigfishgames.gummydropgoogle | 346 | 040420b694f017ae4f3c4d28db0c5f069ff73ae8
travel.opas.client | 330 | f0a13e8ced67c39008d1aa85abdb8b492a71d973
com.d3p.mpq | 91322717 | cf5b43ded843eff949ac9929b7eebe4dafc8a601
mx.segundamano.android | 150206 | 591d82410fe170dbf264efded9a743208bf168d0
com.sideline.phone.number | 242 | 1e01dc342cedb407b1d92afc1cf625d712106629
jp.gungho.kerihimequest2 | 16 | 5696b720e5b17cc544ba3f927bae076e6a1ed720
net.skyscanner.android.main | 160520010 | e7f9829b28d5d68db02b189f14c04e1fa6cde991
com.rewardmoney.android | 28 | 054d39b749b2b1d7eeb80f569e96e6049b6a9a8f
com.nexon.dominations.asia.g | 1713 | ad8141d815e43cb3ed41a3776b5ef1567e605a73
com.skout.android | 242 | 8a3ec2f28c77cf42d834b079c8faeb5d560cd64b
com.diandian.smashisland | 16800 | a2adf6dad1430207f6d83443a2ab2e6e3dc454d6
com.icantw.ss | 10570 | f14295dfca8106ed622f7c84494a71a916dd051c
com.huuuge.casino.slots | 1458310211 | 1f362fae8e42dc6bf10e69718f951c546f724466
net.peakgames.amy | 242106 | fa704c77b36e50343b3f80b0754407cf5d39b25d
com.fortrade.fortraderapp | 112912 | d9e7cbede7767d4db16fdcf61653eb542cad7f41
com.handmark.sportcaster | 195 | 7e2541ddec6c2517a43053134a5b2a8df757d9ef
com.yournet.asobo.browser | 212 | 50b688bb6f20d063330571655139b320926b2efa
kr.co.ssg | 2091 | 733733aba57a377d3c9716fafe0fbe582ba12882
com.match.android.matchmobile | 144 | 938078308e015d70650e99dbdc190342e045861a
com.airtel.money | 47 | 56ecd47f53eda3f54f4b1530646721560755202e
com.ensogo | 463 | 20cb2b126332af4c30e7b447eaff6311425c9288
com.tmon | 14004071 | 0dfb2f92b9d7fde493f6018f816214452fb3d94d
md.your | 81 | 5bad785f0da31e9eef9b3db91b0ccae2844c8590
com.tumblr | 105040100 | c6ae0f5f77b0095e6d6ffa832264b06c252a8c81
jp.sunl.leo1 | 72 | be4c1e31bd913a10f13c3270fe052287e66158db
com.asobimo.avabel_gp_b3 | 209 | a88da7ef921fdbd394f95677e675fe0c59e3e2e4
